Build started 23.06.2015 13:32:34.
     1>Project "C:\Users\Евген\Documents\Visual Studio 2013\Projects\Lesson 21\dz 1\dz 1.vcxproj" on node 2 (Build target(s)).
     1>ClCompile:
         C:\Program Files (x86)\Microsoft Visual Studio 12.0\VC\bin\CL.exe /c /ZI /nologo /W3 /WX- /Od /Oy- /D WIN32 /D _DEBUG /D _CONSOLE /D _LIB /D _UNICODE /D UNICODE /Gm /EHsc /RTC1 /MDd /GS /fp:precise /Zc:wchar_t /Zc:forScope /Fo"Debug\\" /Fd"Debug\vc120.pdb" /Gd /TP /analyze- /errorReport:prompt Main.cpp Person.cpp
         Person.cpp
     1>c:\users\евген\documents\visual studio 2013\projects\lesson 21\dz 1\person.cpp(1): warning C4067: unexpected tokens following preprocessor directive - expected a newline
     1>c:\users\евген\documents\visual studio 2013\projects\lesson 21\dz 1\person.cpp(20): warning C4996: 'gets': This function or variable may be unsafe. Consider using gets_s instead. To disable deprecation, use _CRT_SECURE_NO_WARNINGS. See online help for details.
                 c:\program files (x86)\microsoft visual studio 12.0\vc\include\stdio.h(254) : see declaration of 'gets'
     1>c:\users\евген\documents\visual studio 2013\projects\lesson 21\dz 1\person.cpp(37): warning C4996: 'gets': This function or variable may be unsafe. Consider using gets_s instead. To disable deprecation, use _CRT_SECURE_NO_WARNINGS. See online help for details.
                 c:\program files (x86)\microsoft visual studio 12.0\vc\include\stdio.h(254) : see declaration of 'gets'
     1>c:\users\евген\documents\visual studio 2013\projects\lesson 21\dz 1\person.cpp(45): warning C4996: 'gets': This function or variable may be unsafe. Consider using gets_s instead. To disable deprecation, use _CRT_SECURE_NO_WARNINGS. See online help for details.
                 c:\program files (x86)\microsoft visual studio 12.0\vc\include\stdio.h(254) : see declaration of 'gets'
         Main.cpp
         Generating Code...
       Link:
         C:\Program Files (x86)\Microsoft Visual Studio 12.0\VC\bin\link.exe /ERRORREPORT:PROMPT /OUT:"C:\Users\Евген\Documents\Visual Studio 2013\Projects\Lesson 21\Debug\dz 1.exe" /INCREMENTAL /NOLOGO kernel32.lib user32.lib gdi32.lib winspool.lib comdlg32.lib advapi32.lib shell32.lib ole32.lib oleaut32.lib uuid.lib odbc32.lib odbccp32.lib /MANIFEST /MANIFESTUAC:"level='asInvoker' uiAccess='false'" /manifest:embed /DEBUG /PDB:"C:\Users\Евген\Documents\Visual Studio 2013\Projects\Lesson 21\Debug\dz 1.pdb" /SUBSYSTEM:CONSOLE /TLBID:1 /DYNAMICBASE /NXCOMPAT /IMPLIB:"C:\Users\Евген\Documents\Visual Studio 2013\Projects\Lesson 21\Debug\dz 1.lib" /MACHINE:X86 Debug\Main.obj
         Debug\Person.obj
         dz 1.vcxproj -> C:\Users\Евген\Documents\Visual Studio 2013\Projects\Lesson 21\Debug\dz 1.exe
     1>Done Building Project "C:\Users\Евген\Documents\Visual Studio 2013\Projects\Lesson 21\dz 1\dz 1.vcxproj" (Build target(s)).

Build succeeded.

Time Elapsed 00:00:02.16
